<?xml version="1.0" encoding="UTF-8"?>
<testng-results ignored="0" total="1" passed="1" failed="0" skipped="0">
  <reporter-output>
  </reporter-output>
  <suite started-at="2025-01-02T21:08:28 PKT" name="Default suite" finished-at="2025-01-02T21:09:06 PKT" duration-ms="38470">
    <groups>
    </groups>
    <test started-at="2025-01-02T21:08:28 PKT" name="Default test" finished-at="2025-01-02T21:09:06 PKT" duration-ms="38470">
      <class name="AsmaZafar.eCommerce_tc_3">
        <test-method is-config="true" signature="CofigureAppium()[pri:0, instance:AsmaZafar.eCommerce_tc_3@41a2befb]" started-at="2025-01-02T21:08:28 PKT" name="CofigureAppium" finished-at="2025-01-02T21:08:36 PKT" duration-ms="8027" status="PASS">
          <reporter-output>
          </reporter-output>
        </test-method> <!-- CofigureAppium -->
        <test-method signature="FillForm()[pri:0, instance:AsmaZafar.eCommerce_tc_3@41a2befb]" started-at="2025-01-02T21:08:36 PKT" name="FillForm" finished-at="2025-01-02T21:09:06 PKT" duration-ms="29690" status="PASS">
          <reporter-output>
          </reporter-output>
        </test-method> <!-- FillForm -->
        <test-method is-config="true" signature="tearDown()[pri:0, instance:AsmaZafar.eCommerce_tc_3@41a2befb]" started-at="2025-01-02T21:09:06 PKT" name="tearDown" finished-at="2025-01-02T21:09:06 PKT" duration-ms="715" status="PASS">
          <reporter-output>
          </reporter-output>
        </test-method> <!-- tearDown -->
      </class> <!-- AsmaZafar.eCommerce_tc_3 -->
    </test> <!-- Default test -->
  </suite> <!-- Default suite -->
</testng-results>
